KennelClub/app/build/intermediates/manifest_merge_blame_file/debug/manifest-merger-blame-debug-report.txt
1<?xml version="1.0" encoding="utf-8"?>
2<manifest xmlns:android="http://schemas.android.com/apk/res/android"
3    package="com.example.kennelclub"
4    android:versionCode="1"
5    android:versionName="1.0" >
6
7    <uses-sdk
8        android:minSdkVersion="21"
8-->src\main\AndroidManifest.xml
9        android:targetSdkVersion="31" />
9-->src\main\AndroidManifest.xml
10
11    <application
11-->src\main\AndroidManifest.xml:5:5-40:19
12        android:allowBackup="true"
12-->src\main\AndroidManifest.xml:6:9-35
13        android:appComponentFactory="androidx.core.app.CoreComponentFactory"
13-->[androidx.core:core:1.3.1] AndroidManifest.xml:24:18-86
14        android:debuggable="true"
15        android:icon="@drawable/logo"
15-->src\main\AndroidManifest.xml:7:9-38
16        android:label="@string/app_name"
16-->src\main\AndroidManifest.xml:8:9-41
17        android:supportsRtl="true"
17-->src\main\AndroidManifest.xml:9:9-35
18        android:theme="@style/Theme.KennelClub" >
18-->src\main\AndroidManifest.xml:10:9-48
19        <activity
19-->src\main\AndroidManifest.xml:11:9-15:67
20            android:name="com.example.kennelclub.News_test"
20-->src\main\AndroidManifest.xml:12:13-38
21            android:exported="false"
21-->src\main\AndroidManifest.xml:13:13-37
22            android:label="@string/title_activity_news_test"
22-->src\main\AndroidManifest.xml:14:13-61
23            android:theme="@style/Theme.KennelClub.NoActionBar" />
23-->src\main\AndroidManifest.xml:15:13-64
24        <activity
24-->src\main\AndroidManifest.xml:16:9-18:40
25            android:name="com.example.kennelclub.Chat"
25-->src\main\AndroidManifest.xml:17:13-33
26            android:exported="false" />
26-->src\main\AndroidManifest.xml:18:13-37
27        <activity
27-->src\main\AndroidManifest.xml:19:9-21:40
28            android:name="com.example.kennelclub.dressirovka"
28-->src\main\AndroidManifest.xml:20:13-40
29            android:exported="false" />
29-->src\main\AndroidManifest.xml:21:13-37
30        <activity
30-->src\main\AndroidManifest.xml:22:9-24:40
31            android:name="com.example.kennelclub.Contact"
31-->src\main\AndroidManifest.xml:23:13-36
32            android:exported="false" />
32-->src\main\AndroidManifest.xml:24:13-37
33        <activity
33-->src\main\AndroidManifest.xml:25:9-27:40
34            android:name="com.example.kennelclub.Reg3Activity"
34-->src\main\AndroidManifest.xml:26:13-41
35            android:exported="false" />
35-->src\main\AndroidManifest.xml:27:13-37
36        <activity
36-->src\main\AndroidManifest.xml:28:9-30:40
37            android:name="com.example.kennelclub.MainActivity2"
37-->src\main\AndroidManifest.xml:29:13-42
38            android:exported="false" />
38-->src\main\AndroidManifest.xml:30:13-37
39        <activity
39-->src\main\AndroidManifest.xml:31:9-39:20
40            android:name="com.example.kennelclub.MainActivity"
40-->src\main\AndroidManifest.xml:32:13-41
41            android:exported="true" >
41-->src\main\AndroidManifest.xml:33:13-36
42            <intent-filter>
42-->src\main\AndroidManifest.xml:34:13-38:29
43                <action android:name="android.intent.action.MAIN" />
43-->src\main\AndroidManifest.xml:35:17-69
43-->src\main\AndroidManifest.xml:35:25-66
44
45                <category android:name="android.intent.category.LAUNCHER" />
45-->src\main\AndroidManifest.xml:37:17-77
45-->src\main\AndroidManifest.xml:37:27-74
46            </intent-filter>
47        </activity>
48    </application>
49
50</manifest>